<?xml version="1.0" encoding="UTF-8"?>
<testng-results ignored="0" total="1" passed="1" failed="0" skipped="0">
  <reporter-output>
  </reporter-output>
  <suite started-at="2025-02-20T12:53:30 IST" name="Default suite" finished-at="2025-02-20T12:54:42 IST" duration-ms="72272">
    <groups>
    </groups>
    <test started-at="2025-02-20T12:53:30 IST" name="Default test" finished-at="2025-02-20T12:54:42 IST" duration-ms="72272">
      <class name="Practice.FnpComFindPerfume">
        <test-method signature="findPerfumeTest()[pri:0, instance:Practice.FnpComFindPerfume@51e69659]" started-at="2025-02-20T12:53:30 IST" name="findPerfumeTest" finished-at="2025-02-20T12:54:42 IST" duration-ms="71597" status="PASS">
          <reporter-output>
          </reporter-output>
        </test-method> <!-- findPerfumeTest -->
      </class> <!-- Practice.FnpComFindPerfume -->
    </test> <!-- Default test -->
  </suite> <!-- Default suite -->
</testng-results>
